<?xml version="1.0" encoding="utf-8"?>
<test-run id="2" testcasecount="1" result="Passed" total="1" passed="1" failed="0" inconclusive="0" skipped="0" asserts="0" engine-version="3.5.0.0" clr-version="4.0.30319.42000" start-time="2026-08-31 07:21:18Z" end-time="2026-08-31 07:21:18Z" duration="0,0325224">
  <test-suite type="TestSuite" id="1011" name="MonsterLLC" fullname="MonsterLLC" runstate="Runnable" testcasecount="1" result="Passed" start-time="2026-08-31 07:21:18Z" end-time="2026-08-31 07:21:18Z" duration="0.032522" total="1" passed="1" failed="0" inconclusive="0" skipped="0" asserts="0">
    <properties>
      <property name="platform" value="EditMode" />
    </properties>
    <test-suite type="Assembly" id="1003" name="EditMode.dll" fullname="C:/Users/Luciano/Documents/MonsterLLC/MonsterLLC/Library/ScriptAssemblies/EditMode.dll" runstate="Runnable" testcasecount="1" result="Passed" start-time="2026-08-31 07:21:18Z" end-time="2026-08-31 07:21:18Z" duration="0.024055" total="1" passed="1" failed="0" inconclusive="0" skipped="0" asserts="0">
      <properties>
        <property name="_PID" value="30416" />
        <property name="_APPDOMAIN" value="Unity Child Domain" />
        <property name="platform" value="EditMode" />
        <property name="EditorOnly" value="True" />
      </properties>
      <test-suite type="TestFixture" id="1001" name="ProgressTrackerTests" fullname="ProgressTrackerTests" classname="ProgressTrackerTests" runstate="Runnable" testcasecount="1" result="Passed" start-time="2026-08-31 07:21:18Z" end-time="2026-08-31 07:21:18Z" duration="0.022823" total="1" passed="1" failed="0" inconclusive="0" skipped="0" asserts="0">
        <properties />
        <test-case id="1002" name="EnemyKilled_IncrementsCounter" fullname="ProgressTrackerTests.EnemyKilled_IncrementsCounter" methodname="EnemyKilled_IncrementsCounter" classname="ProgressTrackerTests" runstate="Runnable" seed="1812614523" result="Passed" start-time="2026-08-31 07:21:18Z" end-time="2026-08-31 07:21:18Z" duration="0.012020" asserts="0">
          <properties>
            <property name="retryIteration" value="0" />
            <property name="repeatIteration" value="0" />
          </properties>
          <output><![CDATA[[ProgressTracker] EnemyKilled = 1
Saving results to: C:/Users/Luciano/AppData/LocalLow/NanoStudio/MonsterLLC\TestResults.xml
]]></output>
        </test-case>
      </test-suite>
    </test-suite>
  </test-suite>
</test-run>